<?xml version="1.0" encoding="UTF-8"?>
<!-- Generated by org.testng.reporters.JUnitReportReporter -->
<testsuite hostname="DESKTOP-AB6BR8M" failures="0" tests="1" name="com.ShoppersStack_TestScripts.TC_001_Verify_user_is_able_to_addAddress_or_not" time="25.103" errors="0" timestamp="2024-11-15T09:16:17 IST" skipped="0">
  <testcase classname="com.ShoppersStack_TestScripts.TC_001_Verify_user_is_able_to_addAddress_or_not" name="addAddress" time="25.103"/>
</testsuite> <!-- com.ShoppersStack_TestScripts.TC_001_Verify_user_is_able_to_addAddress_or_not -->
