<?xml version="1.0" encoding="UTF-8"?>
<!-- Generated by org.testng.reporters.JUnitReportReporter -->
<testsuite hostname="DESKTOP-AB6BR8M" failures="0" tests="1" name="com.ShoppersStack_TestScripts.TC_001_Verify_user_is_able_to_addAddress_or_not_Test" time="22.828" errors="0" timestamp="2024-11-19T08:27:37 IST" skipped="0">
  <testcase classname="com.ShoppersStack_TestScripts.TC_001_Verify_user_is_able_to_addAddress_or_not_Test" name="addAddress" time="22.828"/>
</testsuite> <!-- com.ShoppersStack_TestScripts.TC_001_Verify_user_is_able_to_addAddress_or_not_Test -->
