<?xml version="1.0" encoding="UTF-8"?>
<!-- Generated by org.testng.reporters.JUnitReportReporter -->
<testsuite hostname="DESKTOP-AB6BR8M" failures="0" tests="1" name="com.ShoppersStack_TestScripts.TC_002_Verify_user_is_able_to_deleteAddress_or_not" time="18.443" errors="0" timestamp="2024-11-16T08:50:56 IST" skipped="0">
  <testcase classname="com.ShoppersStack_TestScripts.TC_002_Verify_user_is_able_to_deleteAddress_or_not" name="deleteAddress" time="18.443"/>
</testsuite> <!-- com.ShoppersStack_TestScripts.TC_002_Verify_user_is_able_to_deleteAddress_or_not -->
